true
false
[ 'Minnesota', 'Montana', 'South Dakota' ]
Error: Bad Input
Error: Bad Input
[ 'New Hampshire', 'Massachusetts', 'Vermont' ]
[ 'Arkansas',
  'Idaho',
  'Illinois',
  'Iowa',
  'Nebraska',
  'New York',
  'Oklahoma',
  'Pennsylvania',
  'South Dakota',
  'Utah',
  'Virginia',
  'Wyoming' ]
Express server started on port: 11350
https://ion.tjhsst.edu/api/profile?format=json&access_token=KmReo78X3dyi9qGIYIcqMItOUjnL9k
33281
https://ion.tjhsst.edu/api/profile?format=json&access_token=dD7IDwtvRiBbiKM1h9fcf2SK2DWO3l
33635
<!doctype html>
<html><head></head><body>
<a href=https://ion.tjhsst.edu/oauth/authorize?response_type=code&client_id=DJf4G8ipKUhAApaefUZgSPftSpD28IRYyAFgnc3W&scope=read&redirect_uri=https%3A%2F%2Fuser.tjhsst.edu%2F2020mgupta%2Fcookieclickerlogin>https://ion.tjhsst.edu/oauth/authorize?response_type=code&client_id=DJf4G8ipKUhAApaefUZgSPftSpD28IRYyAFgnc3W&scope=read&redirect_uri=https%3A%2F%2Fuser.tjhsst.edu%2F2020mgupta%2Fcookieclickerlogin</a></body></html>
https://ion.tjhsst.edu/api/profile?format=json&access_token=m9XrFufE7ufpfL2f3BJd06dkWgh99D
33610
33610
errornull
error null
error null
error null
error null
error null
error null
error null
error null
error null
error null
error null
error null
error null
error null
error null
error null
error null
error null
error null
error null
error null
error null
error null
error null
error null
error null
error null
error null
error null
error null
error null
error null
error null
error null
error null
error null
error null
error null
error null
error null
error null
error null
error null
error null
error null
error null
error null
error null
error null
error null
error null
error null
error null
error null
error null
error null
error null
error null
error null
error null
error null
error null
error null
error null
error null
error null
error null
error null
error null
error null
error null
error null
error null
error null
error null
error null
error null
error null
error null
error null
error null
error null
error null
error null
error null
error null
error null
error null
error null
error null
error null
error null
error null
error null
error null
error null
error null
error null
error null
error null
error null
error null
error null
error null
error null
error null
error null
error null
error null
error null
error null
error null
error null
error null
error null
error null
error null
error null
error null
error null
error null
error null
error null
error null
error null
error null
error null
error null
error null
error null
error null
error null
error null
error null
error null
error null
error null
error null
error null
error null
error null
error null
error null
error null
error null
error null
error null
error null
error null
error null
error null
error null
error null
error null
error null
error null
error null
error null
error null
error null
error null
error null
error null
error null
error null
error null
error null
error null
error null
error null
error null
error null
error null
error null
error null
error null
error null
error null
error null
error null
error null
error null
error null
error null
error null
error null
error null
error null
error null
error null
error null
error null
error null
error null
error null
error null
error null
error null
error null
error null
error null
error null
error null
error null
error null
error null
error null
error null
error null
error null
error null
error null
error null
error null
error null
error null
error null
error null
error null
error null
error null
error null
error null
error null
error null
error null
error null
error null
error null
error null
error null
error null
error null
error null
error null
error null
error null
error null
error null
error null
error null
error null
error null
error null
error null
error null
error null
error null
error null
error null
error null
error null
error null
error null
error null
error null
error null
error null
error null
error null
error null
error null
error null
error null
error null
error null
error null
error null
error null
error null
error null
error null
error null
error null
error null
error null
error null
error null
error null
error null
<!doctype html>
<html><head></head><body>
<a href=https://ion.tjhsst.edu/oauth/authorize?response_type=code&client_id=DJf4G8ipKUhAApaefUZgSPftSpD28IRYyAFgnc3W&scope=read&redirect_uri=https%3A%2F%2Fuser.tjhsst.edu%2F2020mgupta%2Fcookieclickerlogin>https://ion.tjhsst.edu/oauth/authorize?response_type=code&client_id=DJf4G8ipKUhAApaefUZgSPftSpD28IRYyAFgnc3W&scope=read&redirect_uri=https%3A%2F%2Fuser.tjhsst.edu%2F2020mgupta%2Fcookieclickerlogin</a></body></html>
https://ion.tjhsst.edu/api/profile?format=json&access_token=1vyf9ZUctF3Lo5LdpRVqZ80KFL2k02
33651
33651
errornull
error null
error null
error null
error null
error null
error null
error null
error null
error null
error null
error null
error null
error null
error null
error null
error null
error null
error null
error null
error null
error null
error null
error null
error null
error null
error null
error null
error null
error null
error null
error null
error null
error null
error null
error null
error null
error null
error null
error null
error null
error null
error null
error null
error null
error null
error null
error null
error null
error null
error null
error null
error null
error null
error null
error null
error null
error null
error null
error null
error null
error null
error null
error null
<!doctype html>
<html><head></head><body>
<a href=https://ion.tjhsst.edu/oauth/authorize?response_type=code&client_id=DJf4G8ipKUhAApaefUZgSPftSpD28IRYyAFgnc3W&scope=read&redirect_uri=https%3A%2F%2Fuser.tjhsst.edu%2F2020mgupta%2Fcookieclickerlogin>https://ion.tjhsst.edu/oauth/authorize?response_type=code&client_id=DJf4G8ipKUhAApaefUZgSPftSpD28IRYyAFgnc3W&scope=read&redirect_uri=https%3A%2F%2Fuser.tjhsst.edu%2F2020mgupta%2Fcookieclickerlogin</a></body></html>
https://ion.tjhsst.edu/api/profile?format=json&access_token=mLWNY46Pnf7sXeIyKtbitnebwOXCcy
33808
33808
errornull
https://ion.tjhsst.edu/api/profile?format=json&access_token=okUSSZwbNuIZ4y1VcqUYY35crhDkyf
33635
https://ion.tjhsst.edu/api/profile?format=json&access_token=okUSSZwbNuIZ4y1VcqUYY35crhDkyf
33635
https://ion.tjhsst.edu/api/profile?format=json&access_token=JQc3b9BhHJI9QDhM3Q2u4O8oaqY456
33635
